2026-04-09 14:24:58,141  INFO  Starting mol object build pipeline
2026-04-09 14:24:58,141  INFO  mol_dir:     C:\Jack\Extracted NIST\FragPath\MOLs
2026-04-09 14:24:58,141  INFO  db_path:     C:\Jack\FragTree\databases\reference\tms\metadata.db
2026-04-09 14:24:58,141  INFO  mol_h5_path: C:\Jack\FragTree\databases\reference\tms\structures.h5
2026-04-09 14:24:58,141  INFO  Loading valid CAS numbers from spectra table...
2026-04-09 14:24:58,193  INFO    30,535 unique CAS numbers found in spectra table
2026-04-09 14:24:58,193  INFO  Scanning for .mol files under C:\Jack\Extracted NIST\FragPath\MOLs...
2026-04-09 14:25:13,820  INFO    Found 347,110 .mol files across 9 folders
2026-04-09 14:25:42,401  INFO    Progress: 5,000 / 347,110
2026-04-09 14:26:07,901  INFO    Progress: 10,000 / 347,110
2026-04-09 14:26:33,677  INFO    Progress: 15,000 / 347,110
2026-04-09 14:26:58,929  INFO    Progress: 20,000 / 347,110
2026-04-09 14:27:24,647  INFO    Progress: 25,000 / 347,110
2026-04-09 14:27:50,864  INFO    Progress: 30,000 / 347,110
2026-04-09 14:28:17,970  INFO    Progress: 35,000 / 347,110
2026-04-09 14:28:47,474  INFO    Progress: 40,000 / 347,110
2026-04-09 14:29:28,892  INFO    Progress: 45,000 / 347,110
2026-04-09 14:30:14,724  INFO    Progress: 50,000 / 347,110
2026-04-09 14:30:57,824  INFO    Progress: 55,000 / 347,110
2026-04-09 14:31:25,758  INFO    Progress: 60,000 / 347,110
2026-04-09 14:31:52,248  WARNING  [PARSE FAIL]  CAS 31811639  C:\Jack\Extracted NIST\FragPath\MOLs\NIST2020_100001-150000.MOL\S31811639.MOL
2026-04-09 14:31:57,409  INFO    Progress: 65,000 / 347,110
2026-04-09 14:32:29,473  INFO    Progress: 70,000 / 347,110
2026-04-09 14:32:59,329  INFO    Progress: 75,000 / 347,110
2026-04-09 14:33:18,726  WARNING  [PARSE FAIL]  CAS 1000156410  C:\Jack\Extracted NIST\FragPath\MOLs\NIST2020_150001-200000.MOL\S1000156410.MOL
2026-04-09 14:33:20,173  WARNING  [PARSE FAIL]  CAS 1000161938  C:\Jack\Extracted NIST\FragPath\MOLs\NIST2020_150001-200000.MOL\S1000161938.MOL
2026-04-09 14:33:20,190  WARNING  [PARSE FAIL]  CAS 1000161959  C:\Jack\Extracted NIST\FragPath\MOLs\NIST2020_150001-200000.MOL\S1000161959.MOL
2026-04-09 14:33:30,389  INFO    Progress: 80,000 / 347,110
2026-04-09 14:33:37,371  WARNING  [PARSE FAIL]  CAS 1000281709  C:\Jack\Extracted NIST\FragPath\MOLs\NIST2020_150001-200000.MOL\S1000281709.MOL
2026-04-09 14:34:00,998  INFO    Progress: 85,000 / 347,110
2026-04-09 14:34:29,140  INFO    Progress: 90,000 / 347,110
2026-04-09 14:34:57,764  INFO    Progress: 95,000 / 347,110
2026-04-09 14:35:47,204  INFO    Progress: 100,000 / 347,110
2026-04-09 14:36:27,185  INFO    Progress: 105,000 / 347,110
2026-04-09 14:36:55,861  INFO    Progress: 110,000 / 347,110
2026-04-09 14:37:22,043  INFO    Progress: 115,000 / 347,110
2026-04-09 14:37:50,635  INFO    Progress: 120,000 / 347,110
2026-04-09 14:38:14,784  WARNING  [PARSE FAIL]  CAS 1000155277  C:\Jack\Extracted NIST\FragPath\MOLs\NIST2020_200001-250000.MOL\S1000155277.MOL
2026-04-09 14:38:15,393  WARNING  [PARSE FAIL]  CAS 1000159151  C:\Jack\Extracted NIST\FragPath\MOLs\NIST2020_200001-250000.MOL\S1000159151.MOL
2026-04-09 14:38:15,677  WARNING  [PARSE FAIL]  CAS 1000159759  C:\Jack\Extracted NIST\FragPath\MOLs\NIST2020_200001-250000.MOL\S1000159759.MOL
2026-04-09 14:38:16,391  WARNING  [PARSE FAIL]  CAS 1000161947  C:\Jack\Extracted NIST\FragPath\MOLs\NIST2020_200001-250000.MOL\S1000161947.MOL
2026-04-09 14:38:16,415  WARNING  [PARSE FAIL]  CAS 1000161967  C:\Jack\Extracted NIST\FragPath\MOLs\NIST2020_200001-250000.MOL\S1000161967.MOL
2026-04-09 14:38:16,422  WARNING  [PARSE FAIL]  CAS 1000161969  C:\Jack\Extracted NIST\FragPath\MOLs\NIST2020_200001-250000.MOL\S1000161969.MOL
2026-04-09 14:38:20,457  INFO    Progress: 125,000 / 347,110
2026-04-09 14:38:47,274  INFO    Progress: 130,000 / 347,110
2026-04-09 14:39:16,222  INFO    Progress: 135,000 / 347,110
2026-04-09 14:39:46,389  INFO    Progress: 140,000 / 347,110
2026-04-09 14:40:18,967  INFO    Progress: 145,000 / 347,110
2026-04-09 14:41:10,679  INFO    Progress: 150,000 / 347,110
2026-04-09 14:41:44,290  INFO    Progress: 155,000 / 347,110
2026-04-09 14:42:16,874  INFO    Progress: 160,000 / 347,110
2026-04-09 14:42:45,758  INFO    Progress: 165,000 / 347,110
2026-04-09 14:43:15,706  WARNING  [PARSE FAIL]  CAS 1000062122  C:\Jack\Extracted NIST\FragPath\MOLs\NIST2020_250001-300000.MOL\S1000062122.MOL
2026-04-09 14:43:17,224  INFO    Progress: 170,000 / 347,110
2026-04-09 14:43:21,722  WARNING  [PARSE FAIL]  CAS 1000156649  C:\Jack\Extracted NIST\FragPath\MOLs\NIST2020_250001-300000.MOL\S1000156649.MOL
2026-04-09 14:43:22,676  WARNING  [PARSE FAIL]  CAS 1000161357  C:\Jack\Extracted NIST\FragPath\MOLs\NIST2020_250001-300000.MOL\S1000161357.MOL
2026-04-09 14:43:22,808  WARNING  [PARSE FAIL]  CAS 1000161848  C:\Jack\Extracted NIST\FragPath\MOLs\NIST2020_250001-300000.MOL\S1000161848.MOL
2026-04-09 14:43:22,850  WARNING  [PARSE FAIL]  CAS 1000161961  C:\Jack\Extracted NIST\FragPath\MOLs\NIST2020_250001-300000.MOL\S1000161961.MOL
2026-04-09 14:43:22,864  WARNING  [PARSE FAIL]  CAS 1000161968  C:\Jack\Extracted NIST\FragPath\MOLs\NIST2020_250001-300000.MOL\S1000161968.MOL
2026-04-09 14:43:23,045  WARNING  [PARSE FAIL]  CAS 1000162353  C:\Jack\Extracted NIST\FragPath\MOLs\NIST2020_250001-300000.MOL\S1000162353.MOL
2026-04-09 14:43:23,134  WARNING  [PARSE FAIL]  CAS 1000162648  C:\Jack\Extracted NIST\FragPath\MOLs\NIST2020_250001-300000.MOL\S1000162648.MOL
2026-04-09 14:43:23,179  WARNING  [PARSE FAIL]  CAS 1000162843  C:\Jack\Extracted NIST\FragPath\MOLs\NIST2020_250001-300000.MOL\S1000162843.MOL
2026-04-09 14:43:47,907  INFO    Progress: 175,000 / 347,110
2026-04-09 14:44:16,117  INFO    Progress: 180,000 / 347,110
2026-04-09 14:44:44,252  INFO    Progress: 185,000 / 347,110
2026-04-09 14:45:16,769  INFO    Progress: 190,000 / 347,110
2026-04-09 14:45:51,856  INFO    Progress: 195,000 / 347,110
2026-04-09 14:46:52,940  INFO    Progress: 200,000 / 347,110
2026-04-09 14:46:59,474  WARNING  [PARSE FAIL]  CAS 1010155338  C:\Jack\Extracted NIST\FragPath\MOLs\NIST2020_250001-300000.MOL\S1010155338.MOL
2026-04-09 14:47:29,193  INFO    Progress: 205,000 / 347,110
2026-04-09 14:47:30,476  WARNING  [PARSE FAIL]  CAS 12147454  C:\Jack\Extracted NIST\FragPath\MOLs\NIST2020_250001-300000.MOL\S12147454.MOL
2026-04-09 14:48:00,106  INFO    Progress: 210,000 / 347,110
2026-04-09 14:48:27,963  INFO    Progress: 215,000 / 347,110
2026-04-09 14:48:45,651  WARNING  [PARSE FAIL]  CAS 1000160810  C:\Jack\Extracted NIST\FragPath\MOLs\NIST2020_300001-350000.MOL\S1000160810.MOL
2026-04-09 14:48:45,940  WARNING  [PARSE FAIL]  CAS 1000161857  C:\Jack\Extracted NIST\FragPath\MOLs\NIST2020_300001-350000.MOL\S1000161857.MOL
2026-04-09 14:48:45,982  WARNING  [PARSE FAIL]  CAS 1000161966  C:\Jack\Extracted NIST\FragPath\MOLs\NIST2020_300001-350000.MOL\S1000161966.MOL
2026-04-09 14:48:46,054  WARNING  [PARSE FAIL]  CAS 1000162168  C:\Jack\Extracted NIST\FragPath\MOLs\NIST2020_300001-350000.MOL\S1000162168.MOL
2026-04-09 14:48:46,057  WARNING  [PARSE FAIL]  CAS 1000162170  C:\Jack\Extracted NIST\FragPath\MOLs\NIST2020_300001-350000.MOL\S1000162170.MOL
2026-04-09 14:48:46,065  WARNING  [PARSE FAIL]  CAS 1000162179  C:\Jack\Extracted NIST\FragPath\MOLs\NIST2020_300001-350000.MOL\S1000162179.MOL
2026-04-09 14:48:46,148  WARNING  [PARSE FAIL]  CAS 1000162352  C:\Jack\Extracted NIST\FragPath\MOLs\NIST2020_300001-350000.MOL\S1000162352.MOL
2026-04-09 14:48:46,242  WARNING  [PARSE FAIL]  CAS 1000162646  C:\Jack\Extracted NIST\FragPath\MOLs\NIST2020_300001-350000.MOL\S1000162646.MOL
2026-04-09 14:48:46,324  WARNING  [PARSE FAIL]  CAS 1000162812  C:\Jack\Extracted NIST\FragPath\MOLs\NIST2020_300001-350000.MOL\S1000162812.MOL
2026-04-09 14:48:55,967  INFO    Progress: 220,000 / 347,110
2026-04-09 14:49:24,276  INFO    Progress: 225,000 / 347,110
2026-04-09 14:49:55,936  INFO    Progress: 230,000 / 347,110
2026-04-09 14:50:21,683  INFO    Progress: 235,000 / 347,110
2026-04-09 14:50:51,473  INFO    Progress: 240,000 / 347,110
2026-04-09 14:51:39,290  INFO    Progress: 245,000 / 347,110
2026-04-09 14:52:30,490  WARNING  [PARSE FAIL]  CAS 1010161954  C:\Jack\Extracted NIST\FragPath\MOLs\NIST2020_300001-350000.MOL\S1010161954.MOL
2026-04-09 14:52:34,057  INFO    Progress: 250,000 / 347,110
2026-04-09 14:53:04,691  WARNING  [PARSE FAIL]  CAS 130219328  C:\Jack\Extracted NIST\FragPath\MOLs\NIST2020_300001-350000.MOL\S130219328.MOL
2026-04-09 14:53:08,995  INFO    Progress: 255,000 / 347,110
2026-04-09 14:53:41,008  INFO    Progress: 260,000 / 347,110
2026-04-09 14:54:18,055  WARNING  [PARSE FAIL]  CAS 1000100062  C:\Jack\Extracted NIST\FragPath\MOLs\NIST2020_350001-400000.MOL\S1000100062.MOL
2026-04-09 14:54:18,173  INFO    Progress: 265,000 / 347,110
2026-04-09 14:54:27,709  WARNING  [PARSE FAIL]  CAS 1000162031  C:\Jack\Extracted NIST\FragPath\MOLs\NIST2020_350001-400000.MOL\S1000162031.MOL
2026-04-09 14:54:28,025  WARNING  [PARSE FAIL]  CAS 1000162836  C:\Jack\Extracted NIST\FragPath\MOLs\NIST2020_350001-400000.MOL\S1000162836.MOL
2026-04-09 14:54:28,103  WARNING  [PARSE FAIL]  CAS 1000162920  C:\Jack\Extracted NIST\FragPath\MOLs\NIST2020_350001-400000.MOL\S1000162920.MOL
2026-04-09 14:54:28,656  WARNING  [PARSE FAIL]  CAS 1000163973  C:\Jack\Extracted NIST\FragPath\MOLs\NIST2020_350001-400000.MOL\S1000163973.MOL
2026-04-09 14:54:48,686  INFO    Progress: 270,000 / 347,110
2026-04-09 14:55:17,409  INFO    Progress: 275,000 / 347,110
2026-04-09 14:55:49,443  INFO    Progress: 280,000 / 347,110
2026-04-09 14:56:28,123  INFO    Progress: 285,000 / 347,110
2026-04-09 14:57:30,239  INFO    Progress: 290,000 / 347,110
2026-04-09 14:58:06,403  WARNING  [PARSE FAIL]  CAS 1010115423  C:\Jack\Extracted NIST\FragPath\MOLs\NIST2020_350001-400000.MOL\S1010115423.MOL
2026-04-09 14:58:19,807  INFO    Progress: 295,000 / 347,110
2026-04-09 14:58:52,369  INFO    Progress: 300,000 / 347,110
2026-04-09 14:59:24,100  INFO    Progress: 305,000 / 347,110
2026-04-09 14:59:30,540  WARNING  [PARSE FAIL]  CAS 80753464  C:\Jack\Extracted NIST\FragPath\MOLs\NIST2020_350001-400000.MOL\S80753464.MOL
2026-04-09 14:59:50,507  INFO    Progress: 310,000 / 347,110
2026-04-09 15:00:15,690  INFO    Progress: 315,000 / 347,110
2026-04-09 15:00:43,510  INFO    Progress: 320,000 / 347,110
2026-04-09 15:01:08,951  INFO    Progress: 325,000 / 347,110
2026-04-09 15:01:33,746  INFO    Progress: 330,000 / 347,110
2026-04-09 15:01:57,894  INFO    Progress: 335,000 / 347,110
2026-04-09 15:02:22,955  INFO    Progress: 340,000 / 347,110
2026-04-09 15:02:48,717  WARNING  [PARSE FAIL]  CAS 83152878  C:\Jack\Extracted NIST\FragPath\MOLs\NIST2020_50001-100000.MOL\S83152878.MOL
2026-04-09 15:02:50,488  INFO    Progress: 345,000 / 347,110
2026-04-09 15:03:02,164  INFO  ============================================================
2026-04-09 15:03:02,164  INFO  Build complete
2026-04-09 15:03:02,164  INFO    .mol files found:          347,110
2026-04-09 15:03:02,165  INFO    CAS matched to spectra DB: 30,535
2026-04-09 15:03:02,165  INFO    CAS skipped (no match):    316,575
2026-04-09 15:03:02,165  INFO    Parse failures:            41
2026-04-09 15:03:02,165  INFO    Duplicate CAS numbers:     0
2026-04-09 15:03:02,165  INFO    Molecule rows inserted:    30,494
2026-04-09 15:03:02,165  INFO    sp_mol_map rows inserted:  32,825
2026-04-09 15:03:02,165  INFO    Run time:                  38m 4s
2026-04-09 15:03:02,165  INFO  ============================================================
2026-04-09 15:03:02,182  INFO  Summary report saved to C:\Jack\FragTree\databases\reports\mol_build_summary.pdf
