2026-04-10 11:46:41,049  INFO  === Grid search: Coarse Grid Search Report ===
2026-04-10 11:46:41,049  INFO  Loading mol objects and computing fingerprints...
2026-04-10 11:46:58,137  INFO    Loaded 30,494 molecules  (0 skipped)
2026-04-10 11:46:58,146  INFO  Running UMAP  (n_neighbors=15, min_dist=0.1, metric=jaccard)...
2026-04-10 11:47:30,387  INFO    UMAP complete
2026-04-10 11:47:38,497  INFO    cs=5 ms=5  DBCV=0.2343  sil=0.5716  noise=0.312  persist=0.0067  bss_tss=0.7531  k=1008
2026-04-10 11:47:45,020  INFO    cs=15 ms=5  DBCV=0.2553  sil=0.5325  noise=0.281  persist=0.0136  bss_tss=0.7713  k=460
2026-04-10 11:47:50,806  INFO    cs=15 ms=15  DBCV=0.2089  sil=0.5767  noise=0.338  persist=0.0340  bss_tss=0.7266  k=326
2026-04-10 11:47:57,013  INFO    cs=25 ms=5  DBCV=0.2567  sil=0.5399  noise=0.295  persist=0.0559  bss_tss=0.7527  k=290
2026-04-10 11:48:04,625  INFO    cs=25 ms=15  DBCV=0.2566  sil=0.5315  noise=0.292  persist=0.0795  bss_tss=0.7599  k=214
2026-04-10 11:48:13,071  INFO    cs=25 ms=25  DBCV=0.2309  sil=0.4657  noise=0.254  persist=0.1036  bss_tss=0.7691  k=163
2026-04-10 11:48:19,510  INFO    cs=35 ms=5  DBCV=0.3421  sil=0.5451  noise=0.289  persist=0.0834  bss_tss=0.7645  k=216
2026-04-10 11:48:26,670  INFO    cs=35 ms=15  DBCV=0.2490  sil=0.4795  noise=0.264  persist=0.0862  bss_tss=0.7909  k=168
2026-04-10 11:48:34,309  INFO    cs=35 ms=25  DBCV=0.2545  sil=0.4175  noise=0.209  persist=0.1139  bss_tss=0.7859  k=110
2026-04-10 11:48:34,309  INFO    Progress: 10 / 100
2026-04-10 11:48:41,154  INFO    cs=35 ms=35  DBCV=0.1908  sil=0.4416  noise=0.250  persist=0.1026  bss_tss=0.7771  k=114
2026-04-10 11:48:47,654  INFO    cs=45 ms=5  DBCV=0.3475  sil=0.5105  noise=0.267  persist=0.0716  bss_tss=0.7657  k=172
2026-04-10 11:48:54,920  INFO    cs=45 ms=15  DBCV=0.3239  sil=0.4230  noise=0.222  persist=0.0807  bss_tss=0.7950  k=116
2026-04-10 11:49:02,654  INFO    cs=45 ms=25  DBCV=0.1979  sil=0.4047  noise=0.194  persist=0.1068  bss_tss=0.7855  k=89
2026-04-10 11:49:09,553  INFO    cs=45 ms=35  DBCV=0.1892  sil=0.4450  noise=0.243  persist=0.1019  bss_tss=0.7585  k=90
2026-04-10 11:49:16,271  INFO    cs=45 ms=45  DBCV=0.2631  sil=0.4478  noise=0.260  persist=0.1063  bss_tss=0.7384  k=85
2026-04-10 11:49:23,155  INFO    cs=55 ms=5  DBCV=0.3573  sil=0.4444  noise=0.238  persist=0.0683  bss_tss=0.7761  k=129
2026-04-10 11:49:30,265  INFO    cs=55 ms=15  DBCV=0.3953  sil=0.4363  noise=0.227  persist=0.0880  bss_tss=0.7971  k=96
2026-04-10 11:49:37,676  INFO    cs=55 ms=25  DBCV=0.2771  sil=0.4324  noise=0.215  persist=0.1161  bss_tss=0.7676  k=82
2026-04-10 11:49:44,475  INFO    cs=55 ms=35  DBCV=0.2507  sil=0.4485  noise=0.246  persist=0.1061  bss_tss=0.7517  k=84
2026-04-10 11:49:44,476  INFO    Progress: 20 / 100
2026-04-10 11:49:51,337  INFO    cs=55 ms=45  DBCV=0.3721  sil=0.4489  noise=0.251  persist=0.1066  bss_tss=0.7552  k=73
2026-04-10 11:49:57,408  INFO    cs=55 ms=55  DBCV=0.2932  sil=0.4870  noise=0.295  persist=0.1180  bss_tss=0.7116  k=69
2026-04-10 11:50:04,871  INFO    cs=65 ms=5  DBCV=0.3575  sil=0.3920  noise=0.206  persist=0.0785  bss_tss=0.7897  k=93
2026-04-10 11:50:12,388  INFO    cs=65 ms=15  DBCV=0.3625  sil=0.4009  noise=0.203  persist=0.1110  bss_tss=0.7900  k=74
2026-04-10 11:50:19,637  INFO    cs=65 ms=25  DBCV=0.3280  sil=0.4467  noise=0.218  persist=0.1152  bss_tss=0.7636  k=73
2026-04-10 11:50:26,404  INFO    cs=65 ms=35  DBCV=0.2957  sil=0.4613  noise=0.252  persist=0.1362  bss_tss=0.7379  k=72
2026-04-10 11:50:33,054  INFO    cs=65 ms=45  DBCV=0.3761  sil=0.4547  noise=0.258  persist=0.1568  bss_tss=0.7485  k=67
2026-04-10 11:50:39,354  INFO    cs=65 ms=55  DBCV=0.3170  sil=0.4889  noise=0.285  persist=0.1583  bss_tss=0.7167  k=62
2026-04-10 11:50:45,704  INFO    cs=65 ms=65  DBCV=0.3696  sil=0.4762  noise=0.280  persist=0.1638  bss_tss=0.7069  k=54
2026-04-10 11:50:53,223  INFO    cs=75 ms=5  DBCV=0.3173  sil=0.3812  noise=0.199  persist=0.1211  bss_tss=0.7927  k=74
2026-04-10 11:50:53,223  INFO    Progress: 30 / 100
2026-04-10 11:51:00,571  INFO    cs=75 ms=15  DBCV=0.3604  sil=0.4091  noise=0.213  persist=0.1350  bss_tss=0.7756  k=68
2026-04-10 11:51:07,704  INFO    cs=75 ms=25  DBCV=0.3491  sil=0.4403  noise=0.231  persist=0.1548  bss_tss=0.7486  k=68
2026-04-10 11:51:14,503  INFO    cs=75 ms=35  DBCV=0.2942  sil=0.4567  noise=0.248  persist=0.1523  bss_tss=0.7364  k=65
2026-04-10 11:51:21,304  INFO    cs=75 ms=45  DBCV=0.3847  sil=0.4500  noise=0.250  persist=0.1542  bss_tss=0.7445  k=59
2026-04-10 11:51:27,537  INFO    cs=75 ms=55  DBCV=0.3173  sil=0.4895  noise=0.290  persist=0.1511  bss_tss=0.7047  k=56
2026-04-10 11:51:33,888  INFO    cs=75 ms=65  DBCV=0.3571  sil=0.4751  noise=0.283  persist=0.1584  bss_tss=0.6969  k=50
2026-04-10 11:51:40,476  INFO    cs=75 ms=75  DBCV=0.4275  sil=0.4730  noise=0.269  persist=0.1502  bss_tss=0.6962  k=46
2026-04-10 11:51:47,620  INFO    cs=85 ms=5  DBCV=0.3038  sil=0.4206  noise=0.224  persist=0.1542  bss_tss=0.7344  k=64
2026-04-10 11:51:54,845  INFO    cs=85 ms=15  DBCV=0.3694  sil=0.4215  noise=0.220  persist=0.1531  bss_tss=0.7485  k=63
2026-04-10 11:52:01,815  INFO    cs=85 ms=25  DBCV=0.3418  sil=0.4480  noise=0.234  persist=0.1655  bss_tss=0.7197  k=61
2026-04-10 11:52:01,817  INFO    Progress: 40 / 100
2026-04-10 11:52:08,670  INFO    cs=85 ms=35  DBCV=0.3022  sil=0.4546  noise=0.244  persist=0.1744  bss_tss=0.7279  k=56
2026-04-10 11:52:15,404  INFO    cs=85 ms=45  DBCV=0.3817  sil=0.4515  noise=0.253  persist=0.1593  bss_tss=0.7252  k=56
2026-04-10 11:52:21,563  INFO    cs=85 ms=55  DBCV=0.3098  sil=0.4948  noise=0.298  persist=0.1537  bss_tss=0.6824  k=53
2026-04-10 11:52:27,987  INFO    cs=85 ms=65  DBCV=0.3474  sil=0.4875  noise=0.284  persist=0.1619  bss_tss=0.6789  k=47
2026-04-10 11:52:34,704  INFO    cs=85 ms=75  DBCV=0.4225  sil=0.4779  noise=0.274  persist=0.1513  bss_tss=0.6760  k=44
2026-04-10 11:52:41,120  INFO    cs=85 ms=85  DBCV=0.3092  sil=0.4872  noise=0.291  persist=0.1514  bss_tss=0.6622  k=42
2026-04-10 11:52:48,652  INFO    cs=95 ms=5  DBCV=0.3400  sil=0.4005  noise=0.202  persist=0.1833  bss_tss=0.7372  k=53
2026-04-10 11:52:55,854  INFO    cs=95 ms=15  DBCV=0.3571  sil=0.4176  noise=0.223  persist=0.1698  bss_tss=0.7424  k=60
2026-04-10 11:53:03,073  INFO    cs=95 ms=25  DBCV=0.3169  sil=0.4400  noise=0.228  persist=0.1741  bss_tss=0.7249  k=57
2026-04-10 11:53:09,986  INFO    cs=95 ms=35  DBCV=0.2473  sil=0.4535  noise=0.243  persist=0.1776  bss_tss=0.7237  k=54
2026-04-10 11:53:09,986  INFO    Progress: 50 / 100
2026-04-10 11:53:17,404  INFO    cs=95 ms=45  DBCV=0.3859  sil=0.4519  noise=0.257  persist=0.1668  bss_tss=0.7168  k=53
2026-04-10 11:53:23,553  INFO    cs=95 ms=55  DBCV=0.3172  sil=0.4938  noise=0.291  persist=0.1499  bss_tss=0.6837  k=49
2026-04-10 11:53:29,987  INFO    cs=95 ms=65  DBCV=0.3122  sil=0.4880  noise=0.277  persist=0.1618  bss_tss=0.6800  k=43
2026-04-10 11:53:36,477  INFO    cs=95 ms=75  DBCV=0.3832  sil=0.4836  noise=0.276  persist=0.1555  bss_tss=0.6713  k=41
2026-04-10 11:53:42,687  INFO    cs=95 ms=85  DBCV=0.3108  sil=0.4923  noise=0.292  persist=0.1587  bss_tss=0.6575  k=39
2026-04-10 11:53:48,637  INFO    cs=95 ms=95  DBCV=0.1758  sil=0.4883  noise=0.312  persist=0.1529  bss_tss=0.6475  k=38
2026-04-10 11:53:49,504  INFO  Grid report saved to C:\Jack\FragTree\databases\reports\coarse_grid_report.pdf
2026-04-10 12:09:50,302  INFO  === Grid search: Coarse Grid Search Report ===
2026-04-10 12:09:50,305  INFO  Loading mol objects and computing fingerprints...
2026-04-10 12:10:05,713  INFO    Loaded 30,494 molecules  (0 skipped)
2026-04-10 12:10:05,731  INFO  Running UMAP  (n_neighbors=15, min_dist=0.1, metric=jaccard)...
2026-04-10 12:10:36,579  INFO    UMAP complete
2026-04-10 12:10:44,071  INFO    cs=5 ms=5  DBCV=0.2343  sil=0.5716  noise=0.312  persist=0.0067  bss_tss=0.7531  k=1008
2026-04-10 12:10:50,216  INFO    cs=15 ms=5  DBCV=0.2553  sil=0.5325  noise=0.281  persist=0.0136  bss_tss=0.7713  k=460
2026-04-10 12:10:55,783  INFO    cs=15 ms=15  DBCV=0.2089  sil=0.5767  noise=0.338  persist=0.0340  bss_tss=0.7266  k=326
2026-04-10 12:11:01,833  INFO    cs=25 ms=5  DBCV=0.2567  sil=0.5399  noise=0.295  persist=0.0559  bss_tss=0.7527  k=290
2026-04-10 12:11:07,779  INFO    cs=25 ms=15  DBCV=0.2566  sil=0.5315  noise=0.292  persist=0.0795  bss_tss=0.7599  k=214
2026-04-10 12:11:14,338  INFO    cs=25 ms=25  DBCV=0.2309  sil=0.4657  noise=0.254  persist=0.1036  bss_tss=0.7691  k=163
2026-04-10 12:11:20,309  INFO    cs=35 ms=5  DBCV=0.3421  sil=0.5451  noise=0.289  persist=0.0834  bss_tss=0.7645  k=216
2026-04-10 12:11:26,627  INFO    cs=35 ms=15  DBCV=0.2490  sil=0.4795  noise=0.264  persist=0.0862  bss_tss=0.7909  k=168
2026-04-10 12:11:33,846  INFO    cs=35 ms=25  DBCV=0.2545  sil=0.4175  noise=0.209  persist=0.1139  bss_tss=0.7859  k=110
2026-04-10 12:11:33,846  INFO    Progress: 10 / 100
2026-04-10 12:11:40,459  INFO    cs=35 ms=35  DBCV=0.1908  sil=0.4416  noise=0.250  persist=0.1026  bss_tss=0.7771  k=114
2026-04-10 12:11:46,729  INFO    cs=45 ms=5  DBCV=0.3475  sil=0.5105  noise=0.267  persist=0.0716  bss_tss=0.7657  k=172
2026-04-10 12:11:53,735  INFO    cs=45 ms=15  DBCV=0.3239  sil=0.4230  noise=0.222  persist=0.0807  bss_tss=0.7950  k=116
2026-04-10 12:12:01,223  INFO    cs=45 ms=25  DBCV=0.1979  sil=0.4047  noise=0.194  persist=0.1068  bss_tss=0.7855  k=89
2026-04-10 12:12:07,934  INFO    cs=45 ms=35  DBCV=0.1892  sil=0.4450  noise=0.243  persist=0.1019  bss_tss=0.7585  k=90
2026-04-10 12:12:14,401  INFO    cs=45 ms=45  DBCV=0.2631  sil=0.4478  noise=0.260  persist=0.1063  bss_tss=0.7384  k=85
2026-04-10 12:12:21,117  INFO    cs=55 ms=5  DBCV=0.3573  sil=0.4444  noise=0.238  persist=0.0683  bss_tss=0.7761  k=129
2026-04-10 12:12:28,041  INFO    cs=55 ms=15  DBCV=0.3953  sil=0.4363  noise=0.227  persist=0.0880  bss_tss=0.7971  k=96
2026-04-10 12:12:35,132  INFO    cs=55 ms=25  DBCV=0.2771  sil=0.4324  noise=0.215  persist=0.1161  bss_tss=0.7676  k=82
2026-04-10 12:12:41,834  INFO    cs=55 ms=35  DBCV=0.2507  sil=0.4485  noise=0.246  persist=0.1061  bss_tss=0.7517  k=84
2026-04-10 12:12:41,834  INFO    Progress: 20 / 100
2026-04-10 12:12:48,415  INFO    cs=55 ms=45  DBCV=0.3721  sil=0.4489  noise=0.251  persist=0.1066  bss_tss=0.7552  k=73
2026-04-10 12:12:54,377  INFO    cs=55 ms=55  DBCV=0.2932  sil=0.4870  noise=0.295  persist=0.1180  bss_tss=0.7116  k=69
2026-04-10 12:13:01,600  INFO    cs=65 ms=5  DBCV=0.3575  sil=0.3920  noise=0.206  persist=0.0785  bss_tss=0.7897  k=93
2026-04-10 12:13:08,910  INFO    cs=65 ms=15  DBCV=0.3625  sil=0.4009  noise=0.203  persist=0.1110  bss_tss=0.7900  k=74
2026-04-10 12:13:16,042  INFO    cs=65 ms=25  DBCV=0.3280  sil=0.4467  noise=0.218  persist=0.1152  bss_tss=0.7636  k=73
2026-04-10 12:13:22,652  INFO    cs=65 ms=35  DBCV=0.2957  sil=0.4613  noise=0.252  persist=0.1362  bss_tss=0.7379  k=72
2026-04-10 12:13:29,402  INFO    cs=65 ms=45  DBCV=0.3761  sil=0.4547  noise=0.258  persist=0.1568  bss_tss=0.7485  k=67
2026-04-10 12:13:35,943  INFO    cs=65 ms=55  DBCV=0.3170  sil=0.4889  noise=0.285  persist=0.1583  bss_tss=0.7167  k=62
2026-04-10 12:13:42,309  INFO    cs=65 ms=65  DBCV=0.3696  sil=0.4762  noise=0.280  persist=0.1638  bss_tss=0.7069  k=54
2026-04-10 12:13:49,854  INFO    cs=75 ms=5  DBCV=0.3173  sil=0.3812  noise=0.199  persist=0.1211  bss_tss=0.7927  k=74
2026-04-10 12:13:49,854  INFO    Progress: 30 / 100
2026-04-10 12:13:57,280  INFO    cs=75 ms=15  DBCV=0.3604  sil=0.4091  noise=0.213  persist=0.1350  bss_tss=0.7756  k=68
2026-04-10 12:14:04,419  INFO    cs=75 ms=25  DBCV=0.3491  sil=0.4403  noise=0.231  persist=0.1548  bss_tss=0.7486  k=68
2026-04-10 12:14:11,376  INFO    cs=75 ms=35  DBCV=0.2942  sil=0.4567  noise=0.248  persist=0.1523  bss_tss=0.7364  k=65
2026-04-10 12:14:18,283  INFO    cs=75 ms=45  DBCV=0.3847  sil=0.4500  noise=0.250  persist=0.1542  bss_tss=0.7445  k=59
2026-04-10 12:14:24,513  INFO    cs=75 ms=55  DBCV=0.3173  sil=0.4895  noise=0.290  persist=0.1511  bss_tss=0.7047  k=56
2026-04-10 12:14:30,755  INFO    cs=75 ms=65  DBCV=0.3571  sil=0.4751  noise=0.283  persist=0.1584  bss_tss=0.6969  k=50
2026-04-10 12:14:37,263  INFO    cs=75 ms=75  DBCV=0.4275  sil=0.4730  noise=0.269  persist=0.1502  bss_tss=0.6962  k=46
2026-04-10 12:14:44,229  INFO    cs=85 ms=5  DBCV=0.3038  sil=0.4206  noise=0.224  persist=0.1542  bss_tss=0.7344  k=64
2026-04-10 12:14:51,311  INFO    cs=85 ms=15  DBCV=0.3694  sil=0.4215  noise=0.220  persist=0.1531  bss_tss=0.7485  k=63
2026-04-10 12:14:58,193  INFO    cs=85 ms=25  DBCV=0.3418  sil=0.4480  noise=0.234  persist=0.1655  bss_tss=0.7197  k=61
2026-04-10 12:14:58,195  INFO    Progress: 40 / 100
2026-04-10 12:15:04,937  INFO    cs=85 ms=35  DBCV=0.3022  sil=0.4546  noise=0.244  persist=0.1744  bss_tss=0.7279  k=56
2026-04-10 12:15:11,510  INFO    cs=85 ms=45  DBCV=0.3817  sil=0.4515  noise=0.253  persist=0.1593  bss_tss=0.7252  k=56
2026-04-10 12:15:17,518  INFO    cs=85 ms=55  DBCV=0.3098  sil=0.4948  noise=0.298  persist=0.1537  bss_tss=0.6824  k=53
2026-04-10 12:15:23,661  INFO    cs=85 ms=65  DBCV=0.3474  sil=0.4875  noise=0.284  persist=0.1619  bss_tss=0.6789  k=47
2026-04-10 12:15:29,930  INFO    cs=85 ms=75  DBCV=0.4225  sil=0.4779  noise=0.274  persist=0.1513  bss_tss=0.6760  k=44
2026-04-10 12:15:35,993  INFO    cs=85 ms=85  DBCV=0.3092  sil=0.4872  noise=0.291  persist=0.1514  bss_tss=0.6622  k=42
2026-04-10 12:15:43,228  INFO    cs=95 ms=5  DBCV=0.3400  sil=0.4005  noise=0.202  persist=0.1833  bss_tss=0.7372  k=53
2026-04-10 12:15:50,149  INFO    cs=95 ms=15  DBCV=0.3571  sil=0.4176  noise=0.223  persist=0.1698  bss_tss=0.7424  k=60
2026-04-10 12:15:57,002  INFO    cs=95 ms=25  DBCV=0.3169  sil=0.4400  noise=0.228  persist=0.1741  bss_tss=0.7249  k=57
2026-04-10 12:16:03,680  INFO    cs=95 ms=35  DBCV=0.2473  sil=0.4535  noise=0.243  persist=0.1776  bss_tss=0.7237  k=54
2026-04-10 12:16:03,680  INFO    Progress: 50 / 100
2026-04-10 12:16:10,160  INFO    cs=95 ms=45  DBCV=0.3859  sil=0.4519  noise=0.257  persist=0.1668  bss_tss=0.7168  k=53
2026-04-10 12:16:16,116  INFO    cs=95 ms=55  DBCV=0.3172  sil=0.4938  noise=0.291  persist=0.1499  bss_tss=0.6837  k=49
2026-04-10 12:16:22,348  INFO    cs=95 ms=65  DBCV=0.3122  sil=0.4880  noise=0.277  persist=0.1618  bss_tss=0.6800  k=43
2026-04-10 12:16:28,577  INFO    cs=95 ms=75  DBCV=0.3832  sil=0.4836  noise=0.276  persist=0.1555  bss_tss=0.6713  k=41
2026-04-10 12:16:34,623  INFO    cs=95 ms=85  DBCV=0.3108  sil=0.4923  noise=0.292  persist=0.1587  bss_tss=0.6575  k=39
2026-04-10 12:16:40,363  INFO    cs=95 ms=95  DBCV=0.1758  sil=0.4883  noise=0.312  persist=0.1529  bss_tss=0.6475  k=38
2026-04-10 12:16:41,201  INFO  Grid report saved to C:\Jack\FragTree\databases\reports\coarse_grid_report.pdf
2026-04-10 12:20:20,268  INFO  === Grid search: Fine Grid Search Report ===
2026-04-10 12:20:20,268  INFO  Loading mol objects and computing fingerprints...
2026-04-10 12:20:35,914  INFO    Loaded 30,494 molecules  (0 skipped)
2026-04-10 12:20:35,921  INFO  Running UMAP  (n_neighbors=15, min_dist=0.1, metric=jaccard)...
2026-04-10 12:21:05,614  INFO    UMAP complete
2026-04-10 12:21:13,190  INFO    cs=65 ms=65  DBCV=0.3696  sil=0.4762  noise=0.280  persist=0.1638  bss_tss=0.7069  k=54
2026-04-10 12:21:19,199  INFO    cs=67 ms=65  DBCV=0.3675  sil=0.4759  noise=0.282  persist=0.1656  bss_tss=0.7023  k=53
2026-04-10 12:21:25,496  INFO    cs=67 ms=67  DBCV=0.4275  sil=0.4682  noise=0.265  persist=0.1609  bss_tss=0.7114  k=50
2026-04-10 12:21:31,547  INFO    cs=69 ms=65  DBCV=0.3592  sil=0.4756  noise=0.280  persist=0.1600  bss_tss=0.7040  k=51
2026-04-10 12:21:37,841  INFO    cs=69 ms=67  DBCV=0.4348  sil=0.4678  noise=0.265  persist=0.1606  bss_tss=0.7116  k=49
2026-04-10 12:21:43,778  INFO    cs=69 ms=69  DBCV=0.3889  sil=0.4833  noise=0.289  persist=0.1538  bss_tss=0.6979  k=53
2026-04-10 12:21:49,865  INFO    cs=71 ms=65  DBCV=0.3592  sil=0.4756  noise=0.280  persist=0.1589  bss_tss=0.7040  k=51
2026-04-10 12:21:56,165  INFO    cs=71 ms=67  DBCV=0.4348  sil=0.4678  noise=0.265  persist=0.1576  bss_tss=0.7116  k=49
2026-04-10 12:22:02,459  INFO    cs=71 ms=69  DBCV=0.3889  sil=0.4833  noise=0.289  persist=0.1526  bss_tss=0.6979  k=53
2026-04-10 12:22:02,459  INFO    Progress: 10 / 121
2026-04-10 12:22:08,476  INFO    cs=71 ms=71  DBCV=0.3380  sil=0.4855  noise=0.294  persist=0.1507  bss_tss=0.6898  k=53
2026-04-10 12:22:14,539  INFO    cs=73 ms=65  DBCV=0.3592  sil=0.4756  noise=0.280  persist=0.1573  bss_tss=0.7040  k=51
2026-04-10 12:22:20,578  INFO    cs=73 ms=67  DBCV=0.3517  sil=0.4855  noise=0.286  persist=0.1548  bss_tss=0.7013  k=51
2026-04-10 12:22:26,543  INFO    cs=73 ms=69  DBCV=0.3889  sil=0.4833  noise=0.289  persist=0.1511  bss_tss=0.6979  k=53
2026-04-10 12:22:32,459  INFO    cs=73 ms=71  DBCV=0.3380  sil=0.4855  noise=0.294  persist=0.1509  bss_tss=0.6898  k=53
2026-04-10 12:22:38,416  INFO    cs=73 ms=73  DBCV=0.3431  sil=0.4850  noise=0.290  persist=0.1447  bss_tss=0.6928  k=51
2026-04-10 12:22:44,531  INFO    cs=75 ms=65  DBCV=0.3571  sil=0.4751  noise=0.283  persist=0.1584  bss_tss=0.6969  k=50
2026-04-10 12:22:50,468  INFO    cs=75 ms=67  DBCV=0.3495  sil=0.4850  noise=0.289  persist=0.1559  bss_tss=0.6942  k=50
2026-04-10 12:22:56,465  INFO    cs=75 ms=69  DBCV=0.3822  sil=0.4805  noise=0.289  persist=0.1542  bss_tss=0.6917  k=51
2026-04-10 12:23:02,356  INFO    cs=75 ms=71  DBCV=0.3359  sil=0.4850  noise=0.296  persist=0.1521  bss_tss=0.6827  k=52
2026-04-10 12:23:02,356  INFO    Progress: 20 / 121
2026-04-10 12:23:08,314  INFO    cs=75 ms=73  DBCV=0.3409  sil=0.4845  noise=0.293  persist=0.1463  bss_tss=0.6857  k=50
2026-04-10 12:23:14,570  INFO    cs=75 ms=75  DBCV=0.4275  sil=0.4730  noise=0.269  persist=0.1502  bss_tss=0.6962  k=46
2026-04-10 12:23:20,684  INFO    cs=77 ms=65  DBCV=0.3571  sil=0.4751  noise=0.283  persist=0.1571  bss_tss=0.6969  k=50
2026-04-10 12:23:26,649  INFO    cs=77 ms=67  DBCV=0.3495  sil=0.4850  noise=0.289  persist=0.1534  bss_tss=0.6942  k=50
2026-04-10 12:23:32,603  INFO    cs=77 ms=69  DBCV=0.3822  sil=0.4805  noise=0.289  persist=0.1508  bss_tss=0.6917  k=51
2026-04-10 12:23:38,564  INFO    cs=77 ms=71  DBCV=0.3485  sil=0.4817  noise=0.289  persist=0.1446  bss_tss=0.6885  k=50
2026-04-10 12:23:44,492  INFO    cs=77 ms=73  DBCV=0.3409  sil=0.4845  noise=0.293  persist=0.1429  bss_tss=0.6857  k=50
2026-04-10 12:23:50,765  INFO    cs=77 ms=75  DBCV=0.4275  sil=0.4730  noise=0.269  persist=0.1489  bss_tss=0.6962  k=46
2026-04-10 12:23:56,533  INFO    cs=77 ms=77  DBCV=0.3342  sil=0.4898  noise=0.306  persist=0.1418  bss_tss=0.6608  k=48
2026-04-10 12:24:02,602  INFO    cs=79 ms=65  DBCV=0.3548  sil=0.4737  noise=0.285  persist=0.1566  bss_tss=0.6784  k=49
2026-04-10 12:24:02,602  INFO    Progress: 30 / 121
2026-04-10 12:24:08,542  INFO    cs=79 ms=67  DBCV=0.3473  sil=0.4837  noise=0.291  persist=0.1530  bss_tss=0.6757  k=49
2026-04-10 12:24:14,454  INFO    cs=79 ms=69  DBCV=0.3799  sil=0.4791  noise=0.292  persist=0.1513  bss_tss=0.6732  k=50
2026-04-10 12:24:20,383  INFO    cs=79 ms=71  DBCV=0.3462  sil=0.4804  noise=0.292  persist=0.1442  bss_tss=0.6700  k=49
2026-04-10 12:24:26,283  INFO    cs=79 ms=73  DBCV=0.3386  sil=0.4831  noise=0.295  persist=0.1430  bss_tss=0.6672  k=49
2026-04-10 12:24:32,630  INFO    cs=79 ms=75  DBCV=0.4252  sil=0.4716  noise=0.272  persist=0.1481  bss_tss=0.6777  k=45
2026-04-10 12:24:38,514  INFO    cs=79 ms=77  DBCV=0.3342  sil=0.4900  noise=0.303  persist=0.1438  bss_tss=0.6619  k=47
2026-04-10 12:24:44,372  INFO    cs=79 ms=79  DBCV=0.3341  sil=0.4904  noise=0.305  persist=0.1428  bss_tss=0.6593  k=47
2026-04-10 12:24:50,692  INFO    cs=81 ms=65  DBCV=0.3500  sil=0.4810  noise=0.281  persist=0.1604  bss_tss=0.6805  k=48
2026-04-10 12:24:56,760  INFO    cs=81 ms=67  DBCV=0.3528  sil=0.4827  noise=0.285  persist=0.1500  bss_tss=0.6813  k=47
2026-04-10 12:25:02,893  INFO    cs=81 ms=69  DBCV=0.3926  sil=0.4784  noise=0.285  persist=0.1468  bss_tss=0.6789  k=48
2026-04-10 12:25:02,893  INFO    Progress: 40 / 121
2026-04-10 12:25:08,879  INFO    cs=81 ms=71  DBCV=0.3462  sil=0.4804  noise=0.292  persist=0.1434  bss_tss=0.6700  k=49
2026-04-10 12:25:14,776  INFO    cs=81 ms=73  DBCV=0.3386  sil=0.4831  noise=0.295  persist=0.1406  bss_tss=0.6672  k=49
2026-04-10 12:25:21,095  INFO    cs=81 ms=75  DBCV=0.4252  sil=0.4716  noise=0.272  persist=0.1469  bss_tss=0.6777  k=45
2026-04-10 12:25:26,896  INFO    cs=81 ms=77  DBCV=0.3342  sil=0.4900  noise=0.303  persist=0.1411  bss_tss=0.6619  k=47
2026-04-10 12:25:32,729  INFO    cs=81 ms=79  DBCV=0.3341  sil=0.4904  noise=0.305  persist=0.1419  bss_tss=0.6593  k=47
2026-04-10 12:25:38,896  INFO    cs=81 ms=81  DBCV=0.4210  sil=0.4771  noise=0.279  persist=0.1488  bss_tss=0.6713  k=44
2026-04-10 12:25:44,970  INFO    cs=83 ms=65  DBCV=0.3474  sil=0.4875  noise=0.284  persist=0.1618  bss_tss=0.6789  k=47
2026-04-10 12:25:50,970  INFO    cs=83 ms=67  DBCV=0.3502  sil=0.4892  noise=0.287  persist=0.1512  bss_tss=0.6797  k=46
2026-04-10 12:25:57,034  INFO    cs=83 ms=69  DBCV=0.3926  sil=0.4784  noise=0.285  persist=0.1443  bss_tss=0.6789  k=48
2026-04-10 12:26:03,118  INFO    cs=83 ms=71  DBCV=0.3435  sil=0.4869  noise=0.295  persist=0.1444  bss_tss=0.6683  k=48
2026-04-10 12:26:03,118  INFO    Progress: 50 / 121
2026-04-10 12:26:09,230  INFO    cs=83 ms=73  DBCV=0.3386  sil=0.4831  noise=0.295  persist=0.1397  bss_tss=0.6672  k=49
2026-04-10 12:26:15,606  INFO    cs=83 ms=75  DBCV=0.4252  sil=0.4716  noise=0.272  persist=0.1467  bss_tss=0.6777  k=45
2026-04-10 12:26:21,540  INFO    cs=83 ms=77  DBCV=0.3342  sil=0.4900  noise=0.303  persist=0.1403  bss_tss=0.6619  k=47
2026-04-10 12:26:27,481  INFO    cs=83 ms=79  DBCV=0.3341  sil=0.4904  noise=0.305  persist=0.1417  bss_tss=0.6593  k=47
2026-04-10 12:26:33,789  INFO    cs=83 ms=81  DBCV=0.4183  sil=0.4833  noise=0.282  persist=0.1534  bss_tss=0.6697  k=43
2026-04-10 12:26:40,076  INFO    cs=83 ms=83  DBCV=0.4144  sil=0.4856  noise=0.289  persist=0.1511  bss_tss=0.6653  k=43
2026-04-10 12:26:46,254  INFO    cs=85 ms=65  DBCV=0.3474  sil=0.4875  noise=0.284  persist=0.1619  bss_tss=0.6789  k=47
2026-04-10 12:26:52,374  INFO    cs=85 ms=67  DBCV=0.3502  sil=0.4892  noise=0.287  persist=0.1513  bss_tss=0.6797  k=46
2026-04-10 12:26:58,631  INFO    cs=85 ms=69  DBCV=0.3900  sil=0.4850  noise=0.288  persist=0.1492  bss_tss=0.6772  k=47
2026-04-10 12:27:04,700  INFO    cs=85 ms=71  DBCV=0.3435  sil=0.4869  noise=0.295  persist=0.1445  bss_tss=0.6683  k=48
2026-04-10 12:27:04,700  INFO    Progress: 60 / 121
2026-04-10 12:27:11,059  INFO    cs=85 ms=73  DBCV=0.3694  sil=0.4766  noise=0.271  persist=0.1526  bss_tss=0.6782  k=44
2026-04-10 12:27:17,415  INFO    cs=85 ms=75  DBCV=0.4225  sil=0.4779  noise=0.274  persist=0.1513  bss_tss=0.6760  k=44
2026-04-10 12:27:23,263  INFO    cs=85 ms=77  DBCV=0.3316  sil=0.4966  noise=0.306  persist=0.1464  bss_tss=0.6602  k=46
2026-04-10 12:27:29,087  INFO    cs=85 ms=79  DBCV=0.3314  sil=0.4970  noise=0.308  persist=0.1465  bss_tss=0.6576  k=46
2026-04-10 12:27:35,307  INFO    cs=85 ms=81  DBCV=0.4183  sil=0.4833  noise=0.282  persist=0.1534  bss_tss=0.6697  k=43
2026-04-10 12:27:41,389  INFO    cs=85 ms=83  DBCV=0.4144  sil=0.4856  noise=0.289  persist=0.1524  bss_tss=0.6653  k=43
2026-04-10 12:27:47,508  INFO    cs=85 ms=85  DBCV=0.3092  sil=0.4872  noise=0.291  persist=0.1514  bss_tss=0.6622  k=42
2026-04-10 12:27:48,376  INFO  Grid report saved to C:\Jack\FragTree\databases\reports\fine_grid_report.pdf
2026-04-10 12:35:26,765  INFO  === Final clustering: min_cluster_size=69, min_samples=67 ===
2026-04-10 12:35:26,765  INFO  Loading mol objects and computing fingerprints...
2026-04-10 12:35:42,167  INFO    Loaded 30,494 molecules  (0 skipped)
2026-04-10 12:35:42,188  INFO  Running UMAP  (n_neighbors=15, min_dist=0.1, metric=jaccard)...
2026-04-10 12:36:12,146  INFO    UMAP complete
2026-04-10 12:36:25,724  INFO    DBCV=0.4348  sil=0.4678  noise=0.265  n_clusters=49  ARI=0.0000  AMI=-0.0000
2026-04-10 12:36:26,652  INFO  Final report saved to C:\Jack\FragTree\databases\reports\final_cluster_report.pdf
2026-04-10 12:36:26,652  INFO  Cluster assignments saved to C:\Jack\FragTree\databases\reports\cluster_assignments.json
